<?xml version="1.0" encoding="UTF-8"?>
<!-- Generated by org.testng.reporters.JUnitXMLReporter -->
<testsuite ignored="6" hostname="DESKTOP-SO34K2I" failures="0" tests="4" name="Default test" time="23.281" errors="0" timestamp="2024-08-19T18:35:01 EET">
  <testcase classname="HomePage.myTestCases" name="RandomlyChangeTheLanguage" time="0.655"/>
  <testcase classname="HomePage.myTestCases" name="FillHotelTab" time="0.549"/>
  <testcase classname="HomePage.myTestCases" name="RandomlySelectTheNumberOfVistor" time="3.927"/>
  <testcase classname="HomePage.myTestCases" name="CheckThePageFullyLoaded" time="15.712"/>
  <testcase classname="HomePage.myTestCases" name="CheckQitagLogo" time="0.0">
    <ignored/>
  </testcase> <!-- CheckQitagLogo -->
  <testcase classname="HomePage.myTestCases" name="CheckdefaultCurrency" time="0.0">
    <ignored/>
  </testcase> <!-- CheckdefaultCurrency -->
  <testcase classname="HomePage.myTestCases" name="CheckDepatureDate" time="0.0">
    <ignored/>
  </testcase> <!-- CheckDepatureDate -->
  <testcase classname="HomePage.myTestCases" name="TestHotelTabIsNotSelected" time="0.0">
    <ignored/>
  </testcase> <!-- TestHotelTabIsNotSelected -->
  <testcase classname="HomePage.myTestCases" name="CheckTheDefaultLangugeIsEnglish" time="0.0">
    <ignored/>
  </testcase> <!-- CheckTheDefaultLangugeIsEnglish -->
  <testcase classname="HomePage.myTestCases" name="CheckContactNumber" time="0.0">
    <ignored/>
  </testcase> <!-- CheckContactNumber -->
</testsuite> <!-- Default test -->
