<?xml version="1.0" encoding="UTF-8"?>
<!-- Generated by org.testng.reporters.JUnitXMLReporter -->
<testsuite ignored="7" hostname="DESKTOP-SO34K2I" failures="0" tests="1" name="Default test" time="6.268" errors="0" timestamp="2024-08-16T18:28:41 EET">
  <testcase classname="HomePage.myTestCases" name="SearchRandomLocationDependingOnLangauge" time="4.004"/>
  <testcase classname="HomePage.myTestCases" name="CheckQitagLogo" time="0.0">
    <ignored/>
  </testcase> <!-- CheckQitagLogo -->
  <testcase classname="HomePage.myTestCases" name="RandomlyChangeTheLanguage" time="0.0">
    <ignored/>
  </testcase> <!-- RandomlyChangeTheLanguage -->
  <testcase classname="HomePage.myTestCases" name="CheckdefaultCurrency" time="0.0">
    <ignored/>
  </testcase> <!-- CheckdefaultCurrency -->
  <testcase classname="HomePage.myTestCases" name="CheckDepatureDate" time="0.0">
    <ignored/>
  </testcase> <!-- CheckDepatureDate -->
  <testcase classname="HomePage.myTestCases" name="TestHotelTabIsNotSelected" time="0.0">
    <ignored/>
  </testcase> <!-- TestHotelTabIsNotSelected -->
  <testcase classname="HomePage.myTestCases" name="CheckTheDefaultLangugeIsEnglish" time="0.0">
    <ignored/>
  </testcase> <!-- CheckTheDefaultLangugeIsEnglish -->
  <testcase classname="HomePage.myTestCases" name="CheckContactNumber" time="0.0">
    <ignored/>
  </testcase> <!-- CheckContactNumber -->
</testsuite> <!-- Default test -->
