<?xml version="1.0" encoding="UTF-8"?>
<testng-results ignored="7" total="8" passed="1" failed="0" skipped="0">
  <reporter-output>
  </reporter-output>
  <suite started-at="2024-08-16T18:28:35 EET" name="Default suite" finished-at="2024-08-16T18:28:41 EET" duration-ms="6268">
    <groups>
    </groups>
    <test started-at="2024-08-16T18:28:35 EET" name="Default test" finished-at="2024-08-16T18:28:41 EET" duration-ms="6268">
      <class name="HomePage.myTestCases">
        <test-method is-config="true" signature="mySetup()[pri:0, instance:HomePage.myTestCases@52b56a3e]" started-at="2024-08-16T18:28:35 EET" name="mySetup" finished-at="2024-08-16T18:28:37 EET" duration-ms="2243" status="PASS">
          <reporter-output>
          </reporter-output>
        </test-method> <!-- mySetup -->
        <test-method signature="SearchRandomLocationDependingOnLangauge()[pri:8, instance:HomePage.myTestCases@52b56a3e]" started-at="2024-08-16T18:28:37 EET" name="SearchRandomLocationDependingOnLangauge" finished-at="2024-08-16T18:28:41 EET" duration-ms="4004" status="PASS">
          <reporter-output>
          </reporter-output>
        </test-method> <!-- SearchRandomLocationDependingOnLangauge -->
      </class> <!-- HomePage.myTestCases -->
    </test> <!-- Default test -->
  </suite> <!-- Default suite -->
</testng-results>
